This is XeTeX, Version 3.14159265-2.6-0.99999 (TeX Live 2018) (preloaded format=xelatex 2019.2.13)  28 MAR 2019 18:24
entering extended mode
 restricted \write18 enabled.
 %&-line parsing enabled.
**"final report.tex"
(./final report.tex
LaTeX2e <2018-04-01> patch level 2
Babel <3.18> and hyphenation patterns for 84 language(s) loaded.
(/usr/local/texlive/2018/texmf-dist/tex/latex/base/article.cls
Document Class: article 2014/09/29 v1.4h Standard LaTeX document class
(/usr/local/texlive/2018/texmf-dist/tex/latex/base/size12.clo
File: size12.clo 2014/09/29 v1.4h Standard LaTeX file (size option)
)
\c@part=\count80
\c@section=\count81
\c@subsection=\count82
\c@subsubsection=\count83
\c@paragraph=\count84
\c@subparagraph=\count85
\c@figure=\count86
\c@table=\count87
\abovecaptionskip=\skip41
\belowcaptionskip=\skip42
\bibindent=\dimen102
)
(/usr/local/texlive/2018/texmf-dist/tex/latex/graphics/graphicx.sty
Package: graphicx 2017/06/01 v1.1a Enhanced LaTeX Graphics (DPC,SPQR)

(/usr/local/texlive/2018/texmf-dist/tex/latex/graphics/keyval.sty
Package: keyval 2014/10/28 v1.15 key=value parser (DPC)
\KV@toks@=\toks14
)
(/usr/local/texlive/2018/texmf-dist/tex/latex/graphics/graphics.sty
Package: graphics 2017/06/25 v1.2c Standard LaTeX Graphics (DPC,SPQR)

(/usr/local/texlive/2018/texmf-dist/tex/latex/graphics/trig.sty
Package: trig 2016/01/03 v1.10 sin cos tan (DPC)
)
(/usr/local/texlive/2018/texmf-dist/tex/latex/graphics-cfg/graphics.cfg
File: graphics.cfg 2016/06/04 v1.11 sample graphics configuration
)
Package graphics Info: Driver file: xetex.def on input line 99.

(/usr/local/texlive/2018/texmf-dist/tex/latex/graphics-def/xetex.def
File: xetex.def 2017/06/24 v5.0h Graphics/color driver for xetex
))
\Gin@req@height=\dimen103
\Gin@req@width=\dimen104
)
(/usr/local/texlive/2018/texmf-dist/tex/latex/graphics/epsfig.sty
Package: epsfig 2017/06/25 v1.7b (e)psfig emulation (SPQR)
\epsfxsize=\dimen105
\epsfysize=\dimen106
)
(/usr/local/texlive/2018/texmf-dist/tex/latex/base/latexsym.sty
Package: latexsym 1998/08/17 v2.2e Standard LaTeX package (lasy symbols)
\symlasy=\mathgroup4
LaTeX Font Info:    Overwriting symbol font `lasy' in version `bold'
(Font)                  U/lasy/m/n --> U/lasy/b/n on input line 52.
)
(/usr/local/texlive/2018/texmf-dist/tex/latex/url/url.sty
\Urlmuskip=\muskip10
Package: url 2013/09/16  ver 3.4  Verb mode for urls, etc.
)

LaTeX Warning: Unused global option(s):
    [a4].

(./final report.aux

LaTeX Warning: Label `SubSec-Value' multiply defined.


LaTeX Warning: Label `SubSec-Value' multiply defined.


LaTeX Warning: Label `Section-Frameworks' multiply defined.


LaTeX Warning: Label `4.2.1' multiply defined.


LaTeX Warning: Label `4.4' multiply defined.

)
\openout1 = `"final report.aux"'.

LaTeX Font Info:    Checking defaults for OML/cmm/m/it on input line 12.
LaTeX Font Info:    ... okay on input line 12.
LaTeX Font Info:    Checking defaults for T1/cmr/m/n on input line 12.
LaTeX Font Info:    ... okay on input line 12.
LaTeX Font Info:    Checking defaults for OT1/cmr/m/n on input line 12.
LaTeX Font Info:    ... okay on input line 12.
LaTeX Font Info:    Checking defaults for OMS/cmsy/m/n on input line 12.
LaTeX Font Info:    ... okay on input line 12.
LaTeX Font Info:    Checking defaults for TU/lmr/m/n on input line 12.
LaTeX Font Info:    ... okay on input line 12.
LaTeX Font Info:    Checking defaults for OMX/cmex/m/n on input line 12.
LaTeX Font Info:    ... okay on input line 12.
LaTeX Font Info:    Checking defaults for U/cmr/m/n on input line 12.
LaTeX Font Info:    ... okay on input line 12.
File: figure/title.jpg Graphic file (type bmp)
<figure/title.jpg>
 [1

] (./final report.toc
LaTeX Font Info:    External font `cmex10' loaded for size
(Font)              <12> on input line 3.
LaTeX Font Info:    External font `cmex10' loaded for size
(Font)              <8> on input line 3.
LaTeX Font Info:    External font `cmex10' loaded for size
(Font)              <6> on input line 3.
LaTeX Font Info:    Try loading font information for U+lasy on input line 3.

(/usr/local/texlive/2018/texmf-dist/tex/latex/base/ulasy.fd
File: ulasy.fd 1998/08/17 v2.2e LaTeX symbol font definitions
) [1

])
\tf@toc=\write3
\openout3 = `"final report.toc"'.

 [2]
Underfull \hbox (badness 10000) in paragraph at lines 55--58

 []

[3

]
Underfull \hbox (badness 10000) in paragraph at lines 69--73

 []

[4]
File: figure/1.png Graphic file (type bmp)
<figure/1.png>
File: figure/2.jpg Graphic file (type bmp)
<figure/2.jpg>
File: figure/3.jpg Graphic file (type bmp)
<figure/3.jpg>
Missing character: There is no ， in font [lmroman12-regular]:mapping=tex-text;!
File: figure/4.png Graphic file (type bmp)
<figure/4.png>

Underfull \hbox (badness 10000) in paragraph at lines 102--124

 []


Underfull \hbox (badness 10000) in paragraph at lines 102--124

 []

[5]

LaTeX Warning: `h' float specifier changed to `ht'.


LaTeX Warning: `h' float specifier changed to `ht'.

File: figure/conflict.png Graphic file (type bmp)
<figure/conflict.png>

Underfull \hbox (badness 10000) in paragraph at lines 125--136

 []

[6]

LaTeX Warning: `h' float specifier changed to `ht'.

File: figure/5.png Graphic file (type bmp)
<figure/5.png>
File: figure/first.png Graphic file (type bmp)
<figure/first.png>
Missing character: There is no ， in font [lmroman12-regular]:mapping=tex-text;!
File: figure/second.png Graphic file (type bmp)
<figure/second.png>
File: figure/third.png Graphic file (type bmp)
<figure/third.png>
File: figure/third2.png Graphic file (type bmp)
<figure/third2.png>
File: figure/except1.png Graphic file (type bmp)
<figure/except1.png>
File: figure/except2.png Graphic file (type bmp)
<figure/except2.png>
File: figure/except3.png Graphic file (type bmp)
<figure/except3.png>
File: figure/except4.png Graphic file (type bmp)
<figure/except4.png>

Underfull \hbox (badness 10000) in paragraph at lines 143--237

 []


Underfull \hbox (badness 10000) in paragraph at lines 143--237

 []


Underfull \hbox (badness 10000) in paragraph at lines 143--237

 []


Underfull \hbox (badness 10000) in paragraph at lines 143--237

 []


Underfull \hbox (badness 10000) in paragraph at lines 143--237

 []


Underfull \hbox (badness 10000) in paragraph at lines 143--237

 []


Underfull \hbox (badness 10000) in paragraph at lines 143--237

 []


Underfull \hbox (badness 10000) in paragraph at lines 143--237

 []


Underfull \hbox (badness 10000) in paragraph at lines 143--237

 []


Underfull \hbox (badness 10000) in paragraph at lines 143--237

 []


Underfull \hbox (badness 10000) in paragraph at lines 143--237

 []


Underfull \hbox (badness 10000) in paragraph at lines 143--237

 []


Underfull \hbox (badness 10000) in paragraph at lines 143--237

 []


Underfull \hbox (badness 10000) in paragraph at lines 143--237

 []


Underfull \hbox (badness 10000) in paragraph at lines 143--237

 []


Underfull \hbox (badness 10000) in paragraph at lines 143--237

 []


Underfull \hbox (badness 10000) in paragraph at lines 143--237

 []


Underfull \hbox (badness 10000) in paragraph at lines 143--237

 []


Underfull \hbox (badness 10000) in paragraph at lines 143--237

 []


Underfull \hbox (badness 10000) in paragraph at lines 143--237

 []


Underfull \hbox (badness 10000) in paragraph at lines 143--237

 []


Underfull \hbox (badness 10000) in paragraph at lines 143--237

 []


Underfull \hbox (badness 10000) in paragraph at lines 143--237

 []


Underfull \hbox (badness 10000) in paragraph at lines 143--237

 []


Underfull \hbox (badness 10000) in paragraph at lines 143--237

 []


Underfull \hbox (badness 10000) in paragraph at lines 143--237

 []


Underfull \hbox (badness 10000) in paragraph at lines 143--237

 []


Underfull \hbox (badness 10000) in paragraph at lines 143--237

 []


Underfull \hbox (badness 10000) in paragraph at lines 143--237

 []

[7] [8]

LaTeX Warning: `h' float specifier changed to `ht'.


LaTeX Warning: `h' float specifier changed to `ht'.

[9]

LaTeX Warning: `h' float specifier changed to `ht'.

[10]

LaTeX Warning: `h' float specifier changed to `ht'.

[11]
Underfull \hbox (badness 10000) in paragraph at lines 237--248

 []


Underfull \hbox (badness 10000) in paragraph at lines 237--248

 []


Underfull \hbox (badness 10000) in paragraph at lines 237--248

 []


Underfull \hbox (badness 10000) in paragraph at lines 237--248

 []

[12]
File: figure/4211.png Graphic file (type bmp)
<figure/4211.png>
Missing character: There is no ： in font [lmroman12-regular]:mapping=tex-text;!
File: figure/4212.png Graphic file (type bmp)
<figure/4212.png>
File: figure/421333.png Graphic file (type bmp)
<figure/421333.png>

Underfull \hbox (badness 10000) in paragraph at lines 251--276

 []

[13]
File: figure/4221.png Graphic file (type bmp)
<figure/4221.png>

Underfull \hbox (badness 10000) in paragraph at lines 276--289

 []


Underfull \hbox (badness 10000) in paragraph at lines 276--289

 []


Underfull \hbox (badness 10000) in paragraph at lines 276--289

 []


Underfull \hbox (badness 10000) in paragraph at lines 276--289

 []

[14]
File: figure/4231.png Graphic file (type bmp)
<figure/4231.png>
File: figure/4232.png Graphic file (type bmp)
<figure/4232.png>

Underfull \hbox (badness 10000) in paragraph at lines 289--305

 []


Underfull \hbox (badness 10000) in paragraph at lines 289--305

 []


Underfull \hbox (badness 10000) in paragraph at lines 289--305

 []


Underfull \hbox (badness 10000) in paragraph at lines 289--305

 []


Underfull \hbox (badness 10000) in paragraph at lines 289--305

 []


Underfull \hbox (badness 10000) in paragraph at lines 289--305

 []


Underfull \hbox (badness 10000) in paragraph at lines 289--305

 []


Underfull \hbox (badness 10000) in paragraph at lines 289--305

 []

[15]
File: figure/4241.png Graphic file (type bmp)
<figure/4241.png>
File: figure/ffirst.png Graphic file (type bmp)
<figure/ffirst.png>

Underfull \hbox (badness 10000) in paragraph at lines 315--324

 []


Underfull \hbox (badness 10000) in paragraph at lines 315--324

 []


LaTeX Warning: `h' float specifier changed to `ht'.

[16]
File: figure/blur.png Graphic file (type bmp)
<figure/blur.png>
 [17]
File: figure/white.png Graphic file (type bmp)
<figure/white.png>
File: figure/white2.png Graphic file (type bmp)
<figure/white2.png>

Underfull \hbox (badness 10000) in paragraph at lines 345--358

 []


LaTeX Warning: `h' float specifier changed to `ht'.

[18]
Underfull \hbox (badness 10000) in paragraph at lines 358--370

 []


Underfull \hbox (badness 10000) in paragraph at lines 358--370

 []


Underfull \hbox (badness 10000) in paragraph at lines 358--370

 []


Underfull \hbox (badness 10000) in paragraph at lines 358--370

 []

[19] [20]
File: figure/n.png Graphic file (type bmp)
<figure/n.png>
File: figure/n1.png Graphic file (type bmp)
<figure/n1.png>
 [21]
Underfull \hbox (badness 1721) in paragraph at lines 413--413
\TU/lmr/m/n/12 the file list and select
 []


Underfull \hbox (badness 1107) in paragraph at lines 415--416
[]\TU/lmr/m/n/12 File is successfully cre-
 []


Underfull \hbox (badness 10000) in paragraph at lines 417--418
[]\TU/lmr/m/n/12 File is successfully
 []


Overfull \hbox (6.0pt too wide) in paragraph at lines 407--420
[][] 
 []

File: figure/4331.png Graphic file (type bmp)
<figure/4331.png>
File: figure/4332.png Graphic file (type bmp)
<figure/4332.png>
File: figure/4333.png Graphic file (type bmp)
<figure/4333.png>
File: figure/4334.png Graphic file (type bmp)
<figure/4334.png>
[22]

LaTeX Warning: `h' float specifier changed to `ht'.

[23] [24]
Underfull \hbox (badness 10000) in paragraph at lines 467--472

 []

[25]
Overfull \hbox (15.52809pt too wide) in paragraph at lines 475--503
[][] 
 []


Underfull \hbox (badness 10000) in paragraph at lines 511--514

 []

[26]
Underfull \hbox (badness 10000) in paragraph at lines 516--521

 []


Underfull \hbox (badness 10000) in paragraph at lines 516--521

 []

[27]
No file "final report".bbl.

Overfull \hbox (12.72536pt too wide) in paragraph at lines 557--564
[]\TU/lmr/m/n/12 [1] (n.d.). Retrieved from https://www.aomeitech.com/cloud-sto
rage/what-
 []


Underfull \hbox (badness 10000) in paragraph at lines 557--564

 []


Overfull \hbox (35.132pt too wide) in paragraph at lines 557--564
\TU/lmr/m/n/12 Retrieved from https://blog.tcitechs.com/blog/dropbox-vs-google-
drive-vs-onedrive 
 []


Underfull \hbox (badness 10000) in paragraph at lines 557--564

 []


Overfull \hbox (33.5894pt too wide) in paragraph at lines 557--564
\TU/lmr/m/n/12 [3] Mobile OS market share 2018. (n.d.). Retrieved from https://
www.statista.com/ 
 []


Overfull \hbox (11.4pt too wide) in paragraph at lines 557--564
\TU/lmr/m/n/12 statistics/266136/global-market-share-held-by-smartphone-operati
ng-systems/ 
 []

[28] (./final report.aux)

LaTeX Warning: There were multiply-defined labels.

 ) 
Here is how much of TeX's memory you used:
 943 strings out of 492970
 12690 string characters out of 6133938
 83151 words of memory out of 5000000
 4932 multiletter control sequences out of 15000+600000
 6798 words of font info for 39 fonts, out of 8000000 for 9000
 1348 hyphenation exceptions out of 8191
 25i,10n,20p,1064b,207s stack positions out of 5000i,500n,10000p,200000b,80000s

Output written on final report.xdv (29 pages, 328504 bytes).
